Сборка начата 08.12.2018 11:09:37.
     1>Проект "E:\учеба\3курс\ос\ClientServer\Server\Server\Server.vcxproj" в узле 2 (целевые объекты Build).
     1>ClCompile:
         C:\Program Files (x86)\Microsoft Visual Studio 12.0\VC\bin\CL.exe /c /ZI /nologo /W3 /WX- /sdl- /Od /Oy- /D WIN32 /D _DEBUG /D _CONSOLE /D _LIB /D _UNICODE /D UNICODE /Gm /EHsc /RTC1 /MDd /GS /fp:precise /Zc:wchar_t /Zc:forScope /Yu"stdafx.h" /Fp"Debug\Server.pch" /Fo"Debug\\" /Fd"Debug\vc120.pdb" /Gd /TP /analyze- /errorReport:prompt Server.cpp
         Server.cpp
     1>e:\учеба\3курс\ос\clientserver\server\server\server.cpp(181): warning C4996: 'getcwd': The POSIX name for this item is deprecated. Instead, use the ISO C++ conformant name: _getcwd. See online help for details.
                 c:\program files (x86)\microsoft visual studio 12.0\vc\include\direct.h(130): см. объявление "getcwd"
     1>e:\учеба\3курс\ос\clientserver\server\server\server.cpp(184): warning C4996: 'mkdir': The POSIX name for this item is deprecated. Instead, use the ISO C++ conformant name: _mkdir. See online help for details.
                 c:\program files (x86)\microsoft visual studio 12.0\vc\include\direct.h(140): см. объявление "mkdir"
     1>e:\учеба\3курс\ос\clientserver\server\server\server.cpp(191): warning C4996: 'sprintf': This function or variable may be unsafe. Consider using sprintf_s instead. To disable deprecation, use _CRT_SECURE_NO_WARNINGS. See online help for details.
                 c:\program files (x86)\microsoft visual studio 12.0\vc\include\stdio.h(356): см. объявление "sprintf"
     1>e:\учеба\3курс\ос\clientserver\server\server\server.cpp(239): warning C4996: 'inet_ntoa': Use inet_ntop() or InetNtop() instead or define _WINSOCK_DEPRECATED_NO_WARNINGS to disable deprecated API warnings
                 c:\program files (x86)\windows kits\8.1\include\um\winsock2.h(1868): см. объявление "inet_ntoa"
     1>e:\учеба\3курс\ос\clientserver\server\server\server.cpp(240): warning C4996: 'inet_ntoa': Use inet_ntop() or InetNtop() instead or define _WINSOCK_DEPRECATED_NO_WARNINGS to disable deprecated API warnings
                 c:\program files (x86)\windows kits\8.1\include\um\winsock2.h(1868): см. объявление "inet_ntoa"
     1>e:\учеба\3курс\ос\clientserver\server\server\server.cpp(268): warning C4996: 'inet_ntoa': Use inet_ntop() or InetNtop() instead or define _WINSOCK_DEPRECATED_NO_WARNINGS to disable deprecated API warnings
                 c:\program files (x86)\windows kits\8.1\include\um\winsock2.h(1868): см. объявление "inet_ntoa"
     1>e:\учеба\3курс\ос\clientserver\server\server\server.cpp(269): warning C4996: 'inet_ntoa': Use inet_ntop() or InetNtop() instead or define _WINSOCK_DEPRECATED_NO_WARNINGS to disable deprecated API warnings
                 c:\program files (x86)\windows kits\8.1\include\um\winsock2.h(1868): см. объявление "inet_ntoa"
       Link:
         C:\Program Files (x86)\Microsoft Visual Studio 12.0\VC\bin\link.exe /ERRORREPORT:PROMPT /OUT:"E:\учеба\3курс\ос\ClientServer\Server\Debug\Server.exe" /INCREMENTAL /NOLOGO kernel32.lib user32.lib gdi32.lib winspool.lib comdlg32.lib advapi32.lib shell32.lib ole32.lib oleaut32.lib uuid.lib odbc32.lib odbccp32.lib /MANIFEST /MANIFESTUAC:"level='asInvoker' uiAccess='false'" /manifest:embed /DEBUG /PDB:"E:\учеба\3курс\ос\ClientServer\Server\Debug\Server.pdb" /SUBSYSTEM:CONSOLE /TLBID:1 /DYNAMICBASE /NXCOMPAT /IMPLIB:"E:\учеба\3курс\ос\ClientServer\Server\Debug\Server.lib" /MACHINE:X86 Debug\Server.obj
         Debug\stdafx.obj
         Server.vcxproj -> E:\учеба\3курс\ос\ClientServer\Server\Debug\Server.exe
     1>Сборка проекта "E:\учеба\3курс\ос\ClientServer\Server\Server\Server.vcxproj" завершена (целевые объекты Build).

Сборка успешно завершена.

Затраченное время: 00:00:03.64
